0 info it worked if it ends with ok
1 verbose cli [ 'c:\\Program Files\\nodejs\\node.exe',
1 verbose cli   'c:\\Program Files\\nodejs\\node_modules\\npm\\bin\\npm-cli.js',
1 verbose cli   'install',
1 verbose cli   'contextify' ]
2 info using npm@1.1.61
3 info using node@v0.8.9
4 verbose read json c:\Documents and Settings\Qawe Mlilo\Desktop\dev\Projects\nodebookmarks\app\package.json
5 verbose read json c:\Documents and Settings\Qawe Mlilo\Desktop\dev\Projects\nodebookmarks\app\node_modules\connect-mongo\package.json
6 verbose read json c:\Documents and Settings\Qawe Mlilo\Desktop\dev\Projects\nodebookmarks\app\node_modules\express\package.json
7 verbose read json c:\Documents and Settings\Qawe Mlilo\Desktop\dev\Projects\nodebookmarks\app\node_modules\express-validator\package.json
8 verbose read json c:\Documents and Settings\Qawe Mlilo\Desktop\dev\Projects\nodebookmarks\app\node_modules\jade\package.json
9 verbose read json c:\Documents and Settings\Qawe Mlilo\Desktop\dev\Projects\nodebookmarks\app\node_modules\mocha\package.json
10 verbose read json c:\Documents and Settings\Qawe Mlilo\Desktop\dev\Projects\nodebookmarks\app\node_modules\mongoose\package.json
11 verbose read json c:\Documents and Settings\Qawe Mlilo\Desktop\dev\Projects\nodebookmarks\app\node_modules\nodemailer\package.json
12 verbose read json c:\Documents and Settings\Qawe Mlilo\Desktop\dev\Projects\nodebookmarks\app\node_modules\should\package.json
13 verbose read json c:\Documents and Settings\Qawe Mlilo\Desktop\dev\Projects\nodebookmarks\app\node_modules\validator\package.json
14 verbose read json c:\Documents and Settings\Qawe Mlilo\Desktop\dev\Projects\nodebookmarks\app\node_modules\zombie\package.json
15 warn package.json connect-mongo@0.1.9 No README.md file found!
16 verbose from cache c:\Documents and Settings\Qawe Mlilo\Desktop\dev\Projects\nodebookmarks\app\package.json
17 verbose readDependencies using package.json deps
18 verbose cache add [ 'contextify', null ]
19 silly cache add name=undefined spec="contextify" args=["contextify",null]
20 verbose parsed url { pathname: 'contextify',
20 verbose parsed url   path: 'contextify',
20 verbose parsed url   href: 'contextify' }
21 silly lockFile e90e8b6a-contextify contextify
22 verbose lock contextify C:\Documents and Settings\Qawe Mlilo\Application Data\npm-cache\e90e8b6a-contextify.lock
23 silly lockFile e90e8b6a-contextify contextify
24 verbose addNamed [ 'contextify', '' ]
25 verbose addNamed [ null, '' ]
26 silly lockFile 902bbeb2-contextify contextify@
27 verbose lock contextify@ C:\Documents and Settings\Qawe Mlilo\Application Data\npm-cache\902bbeb2-contextify.lock
28 silly addNameRange { name: 'contextify', range: '', hasData: false }
29 verbose url raw contextify
30 verbose url resolving [ 'https://registry.npmjs.org/', './contextify' ]
31 verbose url resolved https://registry.npmjs.org/contextify
32 info trying registry request attempt 1 at 09:56:25
33 verbose etag "QOE79Z9VM2IJW4KQC2YL8NML"
34 http GET https://registry.npmjs.org/contextify
35 http 304 https://registry.npmjs.org/contextify
36 silly registry.get cb [ 304,
36 silly registry.get   { server: 'CouchDB/1.2.0 (Erlang OTP/R15B)',
36 silly registry.get     etag: '"QOE79Z9VM2IJW4KQC2YL8NML"',
36 silly registry.get     date: 'Thu, 13 Dec 2012 07:55:36 GMT',
36 silly registry.get     'content-length': '0' } ]
37 verbose etag contextify from cache
38 silly addNameRange number 2 { name: 'contextify', range: '', hasData: true }
39 silly addNameRange versions [ 'contextify',
39 silly addNameRange   [ '0.0.2',
39 silly addNameRange     '0.0.3',
39 silly addNameRange     '0.0.4',
39 silly addNameRange     '0.0.5',
39 silly addNameRange     '0.0.6',
39 silly addNameRange     '0.0.7',
39 silly addNameRange     '0.1.0',
39 silly addNameRange     '0.1.1',
39 silly addNameRange     '0.1.2',
39 silly addNameRange     '0.1.3' ] ]
40 verbose addNamed [ 'contextify', '0.1.3' ]
41 verbose addNamed [ '0.1.3', '0.1.3' ]
42 silly lockFile 7770d4b3-contextify-0-1-3 contextify@0.1.3
43 verbose lock contextify@0.1.3 C:\Documents and Settings\Qawe Mlilo\Application Data\npm-cache\7770d4b3-contextify-0-1-3.lock
44 verbose read json C:\Documents and Settings\Qawe Mlilo\Application Data\npm-cache\contextify\0.1.3\package\package.json
45 silly lockFile 7770d4b3-contextify-0-1-3 contextify@0.1.3
46 silly lockFile 902bbeb2-contextify contextify@
47 silly resolved [ { name: 'contextify',
47 silly resolved     version: '0.1.3',
47 silly resolved     description: 'Turn an object into a persistent execution context.',
47 silly resolved     author: { name: 'Brian McDaniel', email: 'brianmcd05@gmail.com' },
47 silly resolved     contributors: [ [Object] ],
47 silly resolved     keywords: [ 'context', 'vm' ],
47 silly resolved     repository:
47 silly resolved      { type: 'git',
47 silly resolved        url: 'https://github.com/brianmcd/contextify.git' },
47 silly resolved     main: './lib/contextify',
47 silly resolved     scripts: { test: 'nodeunit test/', install: 'node-gyp rebuild' },
47 silly resolved     engines: { node: '>=0.4.0' },
47 silly resolved     licenses: [ [Object] ],
47 silly resolved     dependencies: { bindings: '*' },
47 silly resolved     devDependencies: { nodeunit: '>=0.5.x' },
47 silly resolved     gypfile: true,
47 silly resolved     readme: '# Contextify\n\nTurn an object into a V8 execution context.  A contextified object acts as the global \'this\' when executing scripts in its context.  Contextify adds 3 methods to the contextified object: run(code, filename), getGlobal(), and dispose().  The main difference between Contextify and Node\'s vm methods is that Contextify allows asynchronous functions to continue executing in the Contextified object\'s context.  See vm vs. Contextify below for more discussion.\n\n## Examples\n```javascript\nvar Contextify = require(\'contextify\');\nvar sandbox = { console : console, prop1 : \'prop1\'};\nContextify(sandbox);\nsandbox.run(\'console.log(prop1);\');\nsandbox.dispose(); // free the resources allocated for the context.\n```\n\n```javascript\nvar sandbox = Contextify(); // returns an empty contextified object.\nsandbox.run(\'var x = 3;\');\nconsole.log(sandbox.x); // prints 3\nsandbox.dispose();\n```\n\n```javascript\nvar sandbox = Contextify({setTimeout : setTimeout});\nsandbox.run("setTimeout(function () { x = 3; }, 5);");\nconsole.log(sandbox.x); // prints undefined\nsetTimeout(function () {\n    console.log(sandbox.x); // prints 3\n    sandbox.dispose();\n}, 10);\n```\n## Details\n\n**Contextify([sandbox])**\n\n    sandbox - The object to contextify, which will be modified as described below\n              If no sandbox is specified, an empty object will be allocated and used instead.\n\n    Returns the contextified object.  It doesn\'t make a copy, so if you already have a reference\n    to the sandbox, you don\'t need to catch the return value.\n\nA Contextified object has 2 methods added to it:\n\n**run(code, [filename])**\n\n    code - string containing JavaScript to execute\n    filename  - an optional filename for debugging.\n\n    Runs the code in the Contextified object\'s context.\n\n**getGlobal()**\n\nReturns the actual global object for the V8 context.  The global object is initialized with interceptors (discussed below) which forward accesses on it to the contextified object.  This means the contextified object acts like the global object in most cases.  Sometimes, though, you need to make a reference to the actual global object.\n\nFor example:\n\n```javascript\nvar window = Contextify({console : console});\nwindow.window = window;\nwindow.run("console.log(window === this);");\n// prints false.\n```\n\n```javascript\nvar window = Contextify({console : console});\nwindow.window = window.getGlobal();\nwindow.run("console.log(window === this);");\n// prints true\n```\n\nThe global object returned by getGlobal() can be treated like the contextified sandbox object, except that defining getters/setters will not work on it.  Define getters and setters on the actual sandbox object instead.\n\n**dispose()**\n\nFrees the memory allocated for the underlying V8 context.  If you don\'t call this when you\'re done, the V8 context memory will leak, as will the sandbox memory, since the context\'s global stores a strong reference to the sandbox object.  You can still use your sandbox object after calling dispose(), but it\'s unsafe to use a global previously returned from getGlobal().  run, getGlobal, and dispose will be removed from the sandbox object.\n\n## Install\n\n    npm install contextify\n\n## require(\'vm\') vs. Contextify\n\nNode\'s vm functions (runInContext etc) work by copying the values from the sandbox object onto a context\'s global object, executing the passed in script, then copying the results back.  This means that scripts that create asynchronous functions (using mechanisms like setTimeout) won\'t have see the results of executing those functions, since the copying in/out only occurs during an explicit call to runInContext and friends.  \n\nContextify creates a V8 context, and uses interceptors (see: http://code.google.com/apis/v8/embed.html#interceptors) to forward global object accesses to the sandbox object.  This means there is no copying in or out, so asynchronous functions have the expected effect on the sandbox object.  \n\n## Tests\n\nTesting is done with nodeunit.  Run the tests with\n\n    nodeunit test/\n\nOutput: \n\n    OK: 92 assertions (27ms)\n\n\n## Building\n\n    node-waf configure build\n\n## Acknowledgments\n\nInspiration taken from Assaf\'s Zombie.js context solution: https://github.com/assaf/zombie\n',
47 silly resolved     _id: 'contextify@0.1.3',
47 silly resolved     _from: 'contextify' } ]
48 info install contextify@0.1.3 into c:\Documents and Settings\Qawe Mlilo\Desktop\dev\Projects\nodebookmarks\app
49 info installOne contextify@0.1.3
50 verbose from cache C:\Documents and Settings\Qawe Mlilo\Application Data\npm-cache\contextify\0.1.3\package\package.json
51 info c:\Documents and Settings\Qawe Mlilo\Desktop\dev\Projects\nodebookmarks\app\node_modules\contextify unbuild
52 verbose read json c:\Documents and Settings\Qawe Mlilo\Desktop\dev\Projects\nodebookmarks\app\node_modules\contextify\package.json
53 verbose tar unpack C:\Documents and Settings\Qawe Mlilo\Application Data\npm-cache\contextify\0.1.3\package.tgz
54 silly lockFile ff41796e-arks-app-node-modules-contextify c:\Documents and Settings\Qawe Mlilo\Desktop\dev\Projects\nodebookmarks\app\node_modules\contextify
55 verbose lock c:\Documents and Settings\Qawe Mlilo\Desktop\dev\Projects\nodebookmarks\app\node_modules\contextify C:\Documents and Settings\Qawe Mlilo\Application Data\npm-cache\ff41796e-arks-app-node-modules-contextify.lock
56 silly gunzTarPerm modes [ '755', '644' ]
57 silly gunzTarPerm extractEntry package.json
58 silly gunzTarPerm modified mode [ 'package.json', 438, 420 ]
59 silly gunzTarPerm extractEntry .npmignore
60 silly gunzTarPerm modified mode [ '.npmignore', 438, 420 ]
61 silly gunzTarPerm extractEntry README.md
62 silly gunzTarPerm modified mode [ 'README.md', 438, 420 ]
63 silly gunzTarPerm extractEntry binding.gyp
64 silly gunzTarPerm modified mode [ 'binding.gyp', 438, 420 ]
65 silly gunzTarPerm extractEntry changelog
66 silly gunzTarPerm modified mode [ 'changelog', 438, 420 ]
67 silly gunzTarPerm extractEntry lib/contextify.js
68 silly gunzTarPerm modified mode [ 'lib/contextify.js', 438, 420 ]
69 silly gunzTarPerm extractEntry LICENSE.txt
70 silly gunzTarPerm modified mode [ 'LICENSE.txt', 438, 420 ]
71 silly gunzTarPerm extractEntry src/contextify.cc
72 silly gunzTarPerm modified mode [ 'src/contextify.cc', 438, 420 ]
73 silly gunzTarPerm extractEntry test/contextify.js
74 silly gunzTarPerm modified mode [ 'test/contextify.js', 438, 420 ]
75 silly gunzTarPerm extractEntry wscript
76 silly gunzTarPerm modified mode [ 'wscript', 438, 420 ]
77 verbose read json c:\Documents and Settings\Qawe Mlilo\Desktop\dev\Projects\nodebookmarks\app\node_modules\contextify\package.json
78 silly lockFile ff41796e-arks-app-node-modules-contextify c:\Documents and Settings\Qawe Mlilo\Desktop\dev\Projects\nodebookmarks\app\node_modules\contextify
79 info preinstall contextify@0.1.3
80 verbose from cache c:\Documents and Settings\Qawe Mlilo\Desktop\dev\Projects\nodebookmarks\app\node_modules\contextify\package.json
81 verbose readDependencies using package.json deps
82 verbose from cache c:\Documents and Settings\Qawe Mlilo\Desktop\dev\Projects\nodebookmarks\app\node_modules\contextify\package.json
83 verbose readDependencies using package.json deps
84 verbose cache add [ 'bindings@*', null ]
85 silly cache add name=undefined spec="bindings@*" args=["bindings@*",null]
86 verbose parsed url { pathname: 'bindings@*',
86 verbose parsed url   path: 'bindings@*',
86 verbose parsed url   href: 'bindings@*' }
87 silly cache add name="bindings" spec="*" args=["bindings","*"]
88 verbose parsed url { pathname: '*', path: '*', href: '*' }
89 verbose addNamed [ 'bindings', '*' ]
90 verbose addNamed [ null, '' ]
91 silly lockFile a3858fc2-bindings bindings@*
92 verbose lock bindings@* C:\Documents and Settings\Qawe Mlilo\Application Data\npm-cache\a3858fc2-bindings.lock
93 silly addNameRange { name: 'bindings', range: '', hasData: false }
94 verbose url raw bindings
95 verbose url resolving [ 'https://registry.npmjs.org/', './bindings' ]
96 verbose url resolved https://registry.npmjs.org/bindings
97 info trying registry request attempt 1 at 09:56:29
98 verbose etag "64PA4SD751I7ZJ5D8J6WAIMVP"
99 http GET https://registry.npmjs.org/bindings
100 http 304 https://registry.npmjs.org/bindings
101 silly registry.get cb [ 304,
101 silly registry.get   { server: 'CouchDB/1.2.0 (Erlang OTP/R15B)',
101 silly registry.get     etag: '"64PA4SD751I7ZJ5D8J6WAIMVP"',
101 silly registry.get     date: 'Thu, 13 Dec 2012 07:55:38 GMT',
101 silly registry.get     'content-length': '0' } ]
102 verbose etag bindings from cache
103 silly addNameRange number 2 { name: 'bindings', range: '', hasData: true }
104 silly addNameRange versions [ 'bindings',
104 silly addNameRange   [ '0.0.1',
104 silly addNameRange     '0.1.0',
104 silly addNameRange     '0.1.1',
104 silly addNameRange     '0.2.0',
104 silly addNameRange     '0.2.1',
104 silly addNameRange     '0.2.2',
104 silly addNameRange     '0.2.3',
104 silly addNameRange     '0.2.4',
104 silly addNameRange     '0.3.0',
104 silly addNameRange     '0.4.0',
104 silly addNameRange     '1.0.0' ] ]
105 verbose addNamed [ 'bindings', '1.0.0' ]
106 verbose addNamed [ '1.0.0', '1.0.0' ]
107 silly lockFile f01e5454-bindings-1-0-0 bindings@1.0.0
108 verbose lock bindings@1.0.0 C:\Documents and Settings\Qawe Mlilo\Application Data\npm-cache\f01e5454-bindings-1-0-0.lock
109 verbose read json C:\Documents and Settings\Qawe Mlilo\Application Data\npm-cache\bindings\1.0.0\package\package.json
110 silly lockFile f01e5454-bindings-1-0-0 bindings@1.0.0
111 silly lockFile a3858fc2-bindings bindings@*
112 silly resolved [ { name: 'bindings',
112 silly resolved     description: 'Helper module for loading your native module\'s .node file',
112 silly resolved     keywords: [ 'native', 'addon', 'bindings', 'gyp', 'waf', 'c', 'c++' ],
112 silly resolved     version: '1.0.0',
112 silly resolved     author:
112 silly resolved      { name: 'Nathan Rajlich',
112 silly resolved        email: 'nathan@tootallnate.net',
112 silly resolved        url: 'http://tootallnate.net' },
112 silly resolved     repository:
112 silly resolved      { type: 'git',
112 silly resolved        url: 'git://github.com/TooTallNate/node-bindings.git' },
112 silly resolved     main: './bindings.js',
112 silly resolved     readme: 'node-bindings\n=============\n### Helper module for loading your native module\'s .node file\n\nThis is a helper module for authors of Node.js native addon modules.\nIt is basically the "swiss army knife" of `require()`ing your native module\'s\n`.node` file.\n\nThroughout the course of Node\'s native addon history, addons have ended up being\ncompiled in a variety of different places, depending on which build tool and which\nversion of node was used. To make matters worse, now the _gyp_ build tool can\nproduce either a _Release_ or _Debug_ build, each being built into different\nlocations.\n\nThis module checks _all_ the possible locations that a native addon would be built\nat, and returns the first one that loads successfully.\n\n\nInstallation\n------------\n\nInstall with `npm`:\n\n``` bash\n$ npm install bindings\n```\n\nOr add it to the `"dependencies"` section of your _package.json_ file.\n\n\nExample\n-------\n\n`require()`ing the proper bindings file for the current node version, platform\nand architecture is as simple as:\n\n``` js\nvar bindings = require(\'bindings\')(\'binding.node\')\n\n// Use your bindings defined in your C files\nbindings.your_c_function()\n```\n\n\nNice Error Output\n-----------------\n\nWhen the `.node` file could not be loaded, `node-bindings` throws an Error with\na nice error message telling you exactly what was tried. You can also check the\n`err.tries` Array property.\n\n```\nError: Could not load the bindings file. Tried:\n → /Users/nrajlich/ref/build/binding.node\n → /Users/nrajlich/ref/build/Debug/binding.node\n → /Users/nrajlich/ref/build/Release/binding.node\n → /Users/nrajlich/ref/out/Debug/binding.node\n → /Users/nrajlich/ref/Debug/binding.node\n → /Users/nrajlich/ref/out/Release/binding.node\n → /Users/nrajlich/ref/Release/binding.node\n → /Users/nrajlich/ref/build/default/binding.node\n → /Users/nrajlich/ref/compiled/0.8.2/darwin/x64/binding.node\n    at bindings (/Users/nrajlich/ref/node_modules/bindings/bindings.js:84:13)\n    at Object.<anonymous> (/Users/nrajlich/ref/lib/ref.js:5:47)\n    at Module._compile (module.js:449:26)\n    at Object.Module._extensions..js (module.js:467:10)\n    at Module.load (module.js:356:32)\n    at Function.Module._load (module.js:312:12)\n    ...\n```\n\n\nLicense\n-------\n\n(The MIT License)\n\nCopyright (c) 2012 Nathan Rajlich &lt;nathan@tootallnate.net&gt;\n\nPermission is hereby granted, free of charge, to any person obtaining\na copy of this software and associated documentation files (the\n\'Software\'), to deal in the Software without restriction, including\nwithout limitation the rights to use, copy, modify, merge, publish,\ndistribute, sublicense, and/or sell copies of the Software, and to\npermit persons to whom the Software is furnished to do so, subject to\nthe following conditions:\n\nThe above copyright notice and this permission notice shall be\nincluded in all copies or substantial portions of the Software.\n\nTHE SOFTWARE IS PROVIDED \'AS IS\', WITHOUT WARRANTY OF ANY KIND,\nEXPRESS OR IMPLIED, INCLUDING BUT NOT LIMITED TO THE WARRANTIES OF\nMERCHANTABILITY, FITNESS FOR A PARTICULAR PURPOSE AND NONINFRINGEMENT.\nIN NO EVENT SHALL THE AUTHORS OR COPYRIGHT HOLDERS BE LIABLE FOR ANY\nCLAIM, DAMAGES OR OTHER LIABILITY, WHETHER IN AN ACTION OF CONTRACT,\nTORT OR OTHERWISE, ARISING FROM, OUT OF OR IN CONNECTION WITH THE\nSOFTWARE OR THE USE OR OTHER DEALINGS IN THE SOFTWARE.\n',
112 silly resolved     _id: 'bindings@1.0.0',
112 silly resolved     _from: 'bindings@*' } ]
113 info install bindings@1.0.0 into c:\Documents and Settings\Qawe Mlilo\Desktop\dev\Projects\nodebookmarks\app\node_modules\contextify
114 info installOne bindings@1.0.0
115 verbose from cache C:\Documents and Settings\Qawe Mlilo\Application Data\npm-cache\bindings\1.0.0\package\package.json
116 info c:\Documents and Settings\Qawe Mlilo\Desktop\dev\Projects\nodebookmarks\app\node_modules\contextify\node_modules\bindings unbuild
117 verbose read json c:\Documents and Settings\Qawe Mlilo\Desktop\dev\Projects\nodebookmarks\app\node_modules\contextify\node_modules\bindings\package.json
118 verbose tar unpack C:\Documents and Settings\Qawe Mlilo\Application Data\npm-cache\bindings\1.0.0\package.tgz
119 silly lockFile 8c7f697a-contextify-node-modules-bindings c:\Documents and Settings\Qawe Mlilo\Desktop\dev\Projects\nodebookmarks\app\node_modules\contextify\node_modules\bindings
120 verbose lock c:\Documents and Settings\Qawe Mlilo\Desktop\dev\Projects\nodebookmarks\app\node_modules\contextify\node_modules\bindings C:\Documents and Settings\Qawe Mlilo\Application Data\npm-cache\8c7f697a-contextify-node-modules-bindings.lock
121 silly gunzTarPerm modes [ '755', '644' ]
122 silly gunzTarPerm extractEntry package.json
123 silly gunzTarPerm modified mode [ 'package.json', 438, 420 ]
124 silly gunzTarPerm extractEntry README.md
125 silly gunzTarPerm modified mode [ 'README.md', 438, 420 ]
126 silly gunzTarPerm extractEntry bindings.js
127 silly gunzTarPerm modified mode [ 'bindings.js', 438, 420 ]
128 verbose read json c:\Documents and Settings\Qawe Mlilo\Desktop\dev\Projects\nodebookmarks\app\node_modules\contextify\node_modules\bindings\package.json
129 silly lockFile 8c7f697a-contextify-node-modules-bindings c:\Documents and Settings\Qawe Mlilo\Desktop\dev\Projects\nodebookmarks\app\node_modules\contextify\node_modules\bindings
130 info preinstall bindings@1.0.0
131 verbose from cache c:\Documents and Settings\Qawe Mlilo\Desktop\dev\Projects\nodebookmarks\app\node_modules\contextify\node_modules\bindings\package.json
132 verbose readDependencies using package.json deps
133 verbose from cache c:\Documents and Settings\Qawe Mlilo\Desktop\dev\Projects\nodebookmarks\app\node_modules\contextify\node_modules\bindings\package.json
134 verbose readDependencies using package.json deps
135 silly resolved []
136 verbose about to build c:\Documents and Settings\Qawe Mlilo\Desktop\dev\Projects\nodebookmarks\app\node_modules\contextify\node_modules\bindings
137 info build c:\Documents and Settings\Qawe Mlilo\Desktop\dev\Projects\nodebookmarks\app\node_modules\contextify\node_modules\bindings
138 verbose from cache c:\Documents and Settings\Qawe Mlilo\Desktop\dev\Projects\nodebookmarks\app\node_modules\contextify\node_modules\bindings\package.json
139 verbose linkStuff [ false,
139 verbose linkStuff   false,
139 verbose linkStuff   false,
139 verbose linkStuff   'c:\\Documents and Settings\\Qawe Mlilo\\Desktop\\dev\\Projects\\nodebookmarks\\app\\node_modules\\contextify\\node_modules' ]
140 info linkStuff bindings@1.0.0
141 verbose linkBins bindings@1.0.0
142 verbose linkMans bindings@1.0.0
143 verbose rebuildBundles bindings@1.0.0
144 info install bindings@1.0.0
145 info postinstall bindings@1.0.0
146 verbose about to build c:\Documents and Settings\Qawe Mlilo\Desktop\dev\Projects\nodebookmarks\app\node_modules\contextify
147 info build c:\Documents and Settings\Qawe Mlilo\Desktop\dev\Projects\nodebookmarks\app\node_modules\contextify
148 verbose from cache c:\Documents and Settings\Qawe Mlilo\Desktop\dev\Projects\nodebookmarks\app\node_modules\contextify\package.json
149 verbose linkStuff [ false,
149 verbose linkStuff   false,
149 verbose linkStuff   false,
149 verbose linkStuff   'c:\\Documents and Settings\\Qawe Mlilo\\Desktop\\dev\\Projects\\nodebookmarks\\app\\node_modules' ]
150 info linkStuff contextify@0.1.3
151 verbose linkBins contextify@0.1.3
152 verbose linkMans contextify@0.1.3
153 verbose rebuildBundles contextify@0.1.3
154 verbose rebuildBundles [ 'bindings' ]
155 info install contextify@0.1.3
156 verbose unsafe-perm in lifecycle true
157 silly exec cmd "/c" "node-gyp rebuild"
158 silly cmd,/c,node-gyp rebuild,c:\Documents and Settings\Qawe Mlilo\Desktop\dev\Projects\nodebookmarks\app\node_modules\contextify spawning
159 info contextify@0.1.3 Failed to exec install script
160 info c:\Documents and Settings\Qawe Mlilo\Desktop\dev\Projects\nodebookmarks\app\node_modules\contextify unbuild
161 verbose from cache c:\Documents and Settings\Qawe Mlilo\Desktop\dev\Projects\nodebookmarks\app\node_modules\contextify\package.json
162 info preuninstall contextify@0.1.3
163 info uninstall contextify@0.1.3
164 verbose true,c:\Documents and Settings\Qawe Mlilo\Desktop\dev\Projects\nodebookmarks\app\node_modules,c:\Documents and Settings\Qawe Mlilo\Desktop\dev\Projects\nodebookmarks\app\node_modules unbuild contextify@0.1.3
165 info postuninstall contextify@0.1.3
166 error contextify@0.1.3 install: `node-gyp rebuild`
166 error `cmd "/c" "node-gyp rebuild"` failed with 1
167 error Failed at the contextify@0.1.3 install script.
167 error This is most likely a problem with the contextify package,
167 error not with npm itself.
167 error Tell the author that this fails on your system:
167 error     node-gyp rebuild
167 error You can get their info via:
167 error     npm owner ls contextify
167 error There is likely additional logging output above.
168 error System Windows_NT 5.1.2600
169 error command "c:\\Program Files\\nodejs\\node.exe" "c:\\Program Files\\nodejs\\node_modules\\npm\\bin\\npm-cli.js" "install" "contextify"
170 error cwd c:\Documents and Settings\Qawe Mlilo\Desktop\dev\Projects\nodebookmarks\app
171 error node -v v0.8.9
172 error npm -v 1.1.61
173 error code ELIFECYCLE
174 verbose exit [ 1, true ]
